#
# There is insufficient memory for the Java Runtime Environment to continue.
# Native memory allocation (mmap) failed to map 25165824 bytes for G1 virtual space
# Possible reasons:
#   The system is out of physical RAM or swap space
#   The process is running with CompressedOops enabled, and the Java Heap may be blocking the growth of the native heap
# Possible solutions:
#   Reduce memory load on the system
#   Increase physical memory or swap space
#   Check if swap backing store is full
#   Decrease Java heap size (-Xmx/-Xms)
#   Decrease number of Java threads
#   Decrease Java thread stack sizes (-Xss)
#   Set larger code cache with -XX:ReservedCodeCacheSize=
#   JVM is running with Zero Based Compressed Oops mode in which the Java heap is
#     placed in the first 32GB address space. The Java Heap base address is the
#     maximum limit for the native heap growth. Please use -XX:HeapBaseMinAddress
#     to set the Java Heap base and to place the Java Heap above 32GB virtual address.
# This output file may be truncated or incomplete.
#
#  Out of Memory Error (os_windows.cpp:3600), pid=25848, tid=30156
#
# JRE version: Java(TM) SE Runtime Environment (21.0.1+12) (build 21.0.1+12-LTS-29)
# Java VM: Java HotSpot(TM) 64-Bit Server VM (21.0.1+12-LTS-29, mixed mode, sharing, tiered, compressed oops, compressed class ptrs, g1 gc, windows-amd64)
# No core dump will be written. Minidumps are not enabled by default on client versions of Windows
#

---------------  S U M M A R Y ------------

Command Line: -javaagent:C:\Program Files\JetBrains\IntelliJ IDEA Community Edition 2023.3.1\lib\idea_rt.jar=62399:C:\Program Files\JetBrains\IntelliJ IDEA Community Edition 2023.3.1\bin -Dfile.encoding=UTF-8 -Dsun.stdout.encoding=UTF-8 -Dsun.stderr.encoding=UTF-8 com.tahiri.gestiondestock.GestionDeStockApplication

Host: AMD Ryzen 7 5700U with Radeon Graphics         , 16 cores, 15G,  Windows 11 , 64 bit Build 22621 (10.0.22621.3374)
Time: Fri Apr 19 19:17:17 2024 Paris, Madrid (heure duild 22621 (10.0.22621.3374) elapsed time: 2730.336947 seconds (0d 0h 45m 30s)

---------------  T H R E A D  ---------------

Current thread (0x000001f275115e00):  VMThread "VM Thread"          [id=30156, stack(0x000000abdf500000,0x000000abdf600000) (1024K)]

Stack: [0x000000abdf500000,0x000000abdf600000]
Native frames: (J=compiled Java code, j=interpreted, Vv=VM code, C=native code)
V  [jvm.dll+0x6c9029]
V  [jvm.dll+0x854b81]
V  [jvm.dll+0x856e5e]
V  [jvm.dll+0x857543]
V  [jvm.dll+0x280c06]
V  [jvm.dll+0x6c5715]
V  [jvm.dll+0x6ba10a]
V  [jvm.dll+0x3557ea]
V  [jvm.dll+0x35d436]
V  [jvm.dll+0x3ae1be]
V  [jvm.dll+0x3ae468]
V  [jvm.dll+0x3291fc]
V  [jvm.dll+0x329287]
V  [jvm.dll+0x36db3c]
V  [jvm.dll+0x36c33d]
V  [jvm.dll+0x328971]
V  [jvm.dll+0x36ba4a]
V  [jvm.dll+0x85d048]
V  [jvm.dll+0x85e144]
V  [jvm.dll+0x85e680]
V  [jvm.dll+0x85e923]
V  [jvm.dll+0x7fd728]
V  [jvm.dll+0x6c777d]
C  [ucrtbase.dll+0x29333]
C  [KERNEL32.DLL+0x1257d]
C  [ntdll.dll+0x5aa48]

VM_Operation (0x000000abe25fcae0): G1CollectForAllocation, mode: safepoint, requested by thread 0x000001f27b513db0


---------------  P R O C E S S  ---------------

Threads class SMR info:
_java_thread_list=0x000001f241fbea50, length=32, elements={
0x000001f275136330, 0x000001f275137660, 0x000001f27513b370, 0x000001f27513bf00,
0x000001f27513d390, 0x000001f27513e890, 0x000001f27513f640, 0x000001f27514e140,
0x000001f27538f240, 0x000001f27568e8e0, 0x000001f2756c08b0, 0x000001f27c527740,
0x000001f27a831fa0, 0x000001f27b51a020, 0x000001f27b519300, 0x000001f27b517230,
0x000001f27b5178c0, 0x000001f27b5157f0, 0x000001f27b514ad0, 0x000001f27b517f50,
0x000001f27b518c70, 0x000001f27b513720, 0x000001f27b513db0, 0x000001f27b515160,
0x000001f27b514440, 0x000001f27b515e80, 0x000001f27a831910, 0x000001f27a8339e0,
0x000001f275c121f0, 0x000001f275c142c0, 0x000001f275c12880, 0x000001f275c17dd0
}

Java Threads: ( => current thread )
  0x000001f275136330 JavaThread "Reference Handler"          daemon [_thread_blocked, id=14348, stack(0x000000abdf600000,0x000000abdf700000) (1024K)]
  0x000001f275137660 JavaThread "Finalizer"                  daemon [_thread_blocked, id=22808, stack(0x000000abdf700000,0x000000abdf800000) (1024K)]
  0x000001f27513b370 JavaThread "Signal Dispatcher"          daemon [_thread_blocked, id=18812, stack(0x000000abdf800000,0x000000abdf900000) (1024K)]
  0x000001f27513bf00 JavaThread "Attach Listener"            daemon [_thread_blocked, id=21168, stack(0x000000abdf900000,0x000000abdfa00000) (1024K)]
  0x000001f27513d390 JavaThread "Service Thread"             daemon [_thread_blocked, id=27840, stack(0x000000abdfa00000,0x000000abdfb00000) (1024K)]
  0x000001f27513e890 JavaThread "Monitor Deflation Thread"   daemon [_thread_blocked, id=1356, stack(0x000000abdfb00000,0x000000abdfc00000) (1024K)]
  0x000001f27513f640 JavaThread "C2 CompilerThread0"         daemon [_thread_blocked, id=25000, stack(0x000000abdfc00000,0x000000abdfd00000) (1024K)]
  0x000001f27514e140 JavaThread "C1 CompilerThread0"         daemon [_thread_blocked, id=27256, stack(0x000000abdfd00000,0x000000abdfe00000) (1024K)]
  0x000001f27538f240 JavaThread "Common-Cleaner"             daemon [_thread_blocked, id=14572, stack(0x000000abdfe00000,0x000000abdff00000) (1024K)]
  0x000001f27568e8e0 JavaThread "Monitor Ctrl-Break"         daemon [_thread_in_native, id=26744, stack(0x000000abe0200000,0x000000abe0300000) (1024K)]
  0x000001f2756c08b0 JavaThread "Notification Thread"        daemon [_thread_blocked, id=13060, stack(0x000000abe0300000,0x000000abe0400000) (1024K)]
  0x000001f27c527740 JavaThread "mysql-cj-abandoned-connection-cleanup" daemon [_thread_blocked, id=27880, stack(0x000000abe1a00000,0x000000abe1b00000) (1024K)]
  0x000001f27a831fa0 JavaThread "HikariPool-1 housekeeper"   daemon [_thread_blocked, id=6176, stack(0x000000abe1c00000,0x000000abe1d00000) (1024K)]
  0x000001f27b51a020 JavaThread "Catalina-utility-1"                [_thread_blocked, id=22400, stack(0x000000abe1b00000,0x000000abe1c00000) (1024K)]
  0x000001f27b519300 JavaThread "Catalina-utility-2"                [_thread_blocked, id=25448, stack(0x000000abe1e00000,0x000000abe1f00000) (1024K)]
  0x000001f27b517230 JavaThread "container-0"                       [_thread_blocked, id=8320, stack(0x000000abe1f00000,0x000000abe2000000) (1024K)]
  0x000001f27b5178c0 JavaThread "File Watcher"               daemon [_thread_blocked, id=17184, stack(0x000000abe1d00000,0x000000abe1e00000) (1024K)]
  0x000001f27b5157f0 JavaThread "Live Reload Server"         daemon [_thread_in_native, id=17756, stack(0x000000abe2100000,0x000000abe2200000) (1024K)]
  0x000001f27b514ad0 JavaThread "http-nio-8082-exec-1"       daemon [_thread_blocked, id=29592, stack(0x000000abe2000000,0x000000abe2100000) (1024K)]
  0x000001f27b517f50 JavaThread "http-nio-8082-exec-2"       daemon [_thread_blocked, id=25316, stack(0x000000abe2200000,0x000000abe2300000) (1024K)]
  0x000001f27b518c70 JavaThread "http-nio-8082-exec-3"       daemon [_thread_blocked, id=26280, stack(0x000000abe2300000,0x000000abe2400000) (1024K)]
  0x000001f27b513720 JavaThread "http-nio-8082-exec-4"       daemon [_thread_blocked, id=5896, stack(0x000000abe2400000,0x000000abe2500000) (1024K)]
  0x000001f27b513db0 JavaThread "http-nio-8082-exec-5"       daemon [_thread_blocked, id=4100, stack(0x000000abe2500000,0x000000abe2600000) (1024K)]
  0x000001f27b515160 JavaThread "http-nio-8082-exec-6"       daemon [_thread_blocked, id=4320, stack(0x000000abe2600000,0x000000abe2700000) (1024K)]
  0x000001f27b514440 JavaThread "http-nio-8082-exec-7"       daemon [_thread_blocked, id=2708, stack(0x000000abe2700000,0x000000abe2800000) (1024K)]
  0x000001f27b515e80 JavaThread "http-nio-8082-exec-8"       daemon [_thread_blocked, id=18032, stack(0x000000abe2800000,0x000000abe2900000) (1024K)]
  0x000001f27a831910 JavaThread "http-nio-8082-exec-9"       daemon [_thread_blocked, id=6868, stack(0x000000abe2900000,0x000000abe2a00000) (1024K)]
  0x000001f27a8339e0 JavaThread "http-nio-8082-exec-10"      daemon [_thread_blocked, id=9708, stack(0x000000abe2a00000,0x000000abe2b00000) (1024K)]
  0x000001f275c121f0 JavaThread "http-nio-8082-Poller"       daemon [_thread_blocked, id=16692, stack(0x000000abe2b00000,0x000000abe2c00000) (1024K)]
  0x000001f275c142c0 JavaThread "http-nio-8082-Acceptor"     daemon [_thread_in_native, id=16352, stack(0x000000abe2c00000,0x000000abe2d00000) (1024K)]
  0x000001f275c12880 JavaThread "DestroyJavaVM"                     [_thread_blocked, id=8952, stack(0x000000abdee00000,0x000000abdef00000) (1024K)]
  0x000001f275c17dd0 JavaThread "HikariPool-1 connection adder" daemon [_thread_blocked, id=30680, stack(0x000000abdeb00000,0x000000abdec00000) (1024K)]
Total: 32

Other Threads:
=>0x000001f275115e00 VMThread "VM Thread"                           [id=30156, stack(0x000000abdf500000,0x000000abdf600000) (1024K)]
  0x000001f2750f9b50 WatcherThread "VM Periodic Task Thread"        [id=4524, stack(0x000000abdf400000,0x000000abdf500000) (1024K)]
  0x000001f25579c3a0 WorkerThread "GC Thread#0"                     [id=26684, stack(0x000000abdef00000,0x000000abdf000000) (1024K)]
  0x000001f27a36be00 WorkerThread "GC Thread#1"                     [id=23288, stack(0x000000abe0500000,0x000000abe0600000) (1024K)]
  0x000001f275ba6200 WorkerThread "GC Thread#2"                     [id=16944, stack(0x000000abe0600000,0x000000abe0700000) (1024K)]
  0x000001f275ba65a0 WorkerThread "GC Thread#3"                     [id=18084, stack(0x000000abe0700000,0x000000abe0800000) (1024K)]
  0x000001f275ba6d50 WorkerThread "GC Thread#4"                     [id=12992, stack(0x000000abe0800000,0x000000abe0900000) (1024K)]
  0x000001f27a58dab0 WorkerThread "GC Thread#5"                     [id=6188, stack(0x000000abe0c00000,0x000000abe0d00000) (1024K)]
  0x000001f27a590f50 WorkerThread "GC Thread#6"                     [id=19308, stack(0x000000abe0d00000,0x000000abe0e00000) (1024K)]
  0x000001f27a5912f0 WorkerThread "GC Thread#7"                     [id=2440, stack(0x000000abe0e00000,0x000000abe0f00000) (1024K)]
  0x000001f27a94bc40 WorkerThread "GC Thread#8"                     [id=8968, stack(0x000000abe0f00000,0x000000abe1000000) (1024K)]
  0x000001f27a7d0900 WorkerThread "GC Thread#9"                     [id=27696, stack(0x000000abe1000000,0x000000abe1100000) (1024K)]
  0x000001f27a7d0560 WorkerThread "GC Thread#10"                    [id=11364, stack(0x000000abe1100000,0x000000abe1200000) (1024K)]
  0x000001f27a7cfe20 WorkerThread "GC Thread#11"                    [id=19972, stack(0x000000abe0b00000,0x000000abe0c00000) (1024K)]
  0x000001f27a7cf6e0 WorkerThread "GC Thread#12"                    [id=15084, stack(0x000000abe1300000,0x000000abe1400000) (1024K)]
  0x000001f2557ac750 ConcurrentGCThread "G1 Main Marker"            [id=8596, stack(0x000000abdf000000,0x000000abdf100000) (1024K)]
  0x000001f2557ad310 WorkerThread "G1 Conc#0"                       [id=14632, stack(0x000000abdf100000,0x000000abdf200000) (1024K)]
  0x000001f27b94c560 WorkerThread "G1 Conc#1"                       [id=27520, stack(0x000000abe1400000,0x000000abe1500000) (1024K)]
  0x000001f27b9492a0 WorkerThread "G1 Conc#2"                       [id=21004, stack(0x000000abe1500000,0x000000abe1600000) (1024K)]
  0x000001f274fc85f0 ConcurrentGCThread "G1 Refine#0"               [id=15040, stack(0x000000abdf200000,0x000000abdf300000) (1024K)]
  0x000001f274fc9160 ConcurrentGCThread "G1 Service"                [id=6828, stack(0x000000abdf300000,0x000000abdf400000) (1024K)]
Total: 21

Threads with active compile tasks:
Total: 0

VM state: at safepoint (normal execution)

VM Mutex/Monitor currently owned by a thread:  ([mutex/lock_event])
[0x00007ff90d01a5f8] Threads_lock - owner thread: 0x000001f275115e00
[0x00007ff90d01a6f8] Heap_lock - owner thread: 0x000001f27b513db0

Heap address: 0x000000070a400000, size: 3932 MB, Compressed Oops mode: Zero based, Oop shift amount: 3

CDS archive(s) mapped at: [0x000001f200000000-0x000001f200c90000-0x000001f200c90000), size 13172736, SharedBaseAddress: 0x000001f200000000, ArchiveRelocationMode: 1.
Compressed class space mapped at: 0x000001f201000000-0x000001f241000000, reserved size: 1073741824
Narrow klass base: 0x000001f200000000, Narrow klass shift: 0, Narrow klass range: 0x100000000

GC Precious Log:
 CardTable entry size: 512
 Card Set container configuration: InlinePtr #cards 4 size 8 Array Of Cards #cards 16 size 48 Howl #buckets 8 coarsen threshold 3686 Howl Bitmap #cards 512 size 80 coarsen threshold 460 Card regions per heap region 1 cards per card region 4096
 CPUs: 16 total, 16 available
 Memory: 15720M
 Large Page Support: Disabled
 NUMA Support: Disabled
 Compressed Oops: Enabled (Zero based)
 Heap Region Size: 2M
 Heap Min Capacity: 8M
 Heap Initial Capacity: 246M
 Heap Max Capacity: 3932M
 Pre-touch: Disabled
 Parallel Workers: 13
 Concurrent Workers: 3
 Concurrent Refinement Workers: 13
 Periodic GC: Disabled

Heap:
 garbage-first heap   total 122880K, used 44174K [0x000000070a400000, 0x0000000800000000)
  region size 2048K, 1 young (2048K), 1 survivors (2048K)
 Metaspace       used 89029K, committed 89984K, reserved 1179648K
  class space    used 11558K, committed 12032K, reserved 1048576K

Heap Regions: E=young(eden), S=young(survivor), O=old, HS=humongous(starts), HC=humongous(continues), CS=collection set, F=free, TAMS=top-at-mark-start, PB=parsable bottom
|   0|0x000000070a400000, 0x000000070a600000, 0x000000070a600000|100%| O|  |TAMS 0x000000070a400000| PB 0x000000070a400000| Untracked 
|   1|0x000000070a600000, 0x000000070a800000, 0x000000070a800000|100%| O|  |TAMS 0x000000070a600000| PB 0x000000070a600000| Untracked 
|   2|0x000000070a800000, 0x000000070aa00000, 0x000000070aa00000|100%| O|  |TAMS 0x000000070a800000| PB 0x000000070a800000| Untracked 
|   3|0x000000070aa00000, 0x000000070ac00000, 0x000000070ac00000|100%| O|  |TAMS 0x000000070aa00000| PB 0x000000070aa00000| Untracked 
|   4|0x000000070ac00000, 0x000000070ac00000, 0x000000070ae00000|  0%| F|  |TAMS 0x000000070ac00000| PB 0x000000070ac00000| Untracked 
|   5|0x000000070ae00000, 0x000000070b000000, 0x000000070b000000|100%| O|  |TAMS 0x000000070ae00000| PB 0x000000070ae00000| Untracked 
|   6|0x000000070b000000, 0x000000070b200000, 0x000000070b200000|100%| O|  |TAMS 0x000000070b000000| PB 0x000000070b000000| Untracked 
|   7|0x000000070b200000, 0x000000070b400000, 0x000000070b400000|100%| O|  |TAMS 0x000000070b200000| PB 0x000000070b200000| Untracked 
|   8|0x000000070b400000, 0x000000070b600000, 0x000000070b600000|100%| O|  |TAMS 0x000000070b400000| PB 0x000000070b400000| Untracked 
|   9|0x000000070b600000, 0x000000070b800000, 0x000000070b800000|100%| O|  |TAMS 0x000000070b600000| PB 0x000000070b600000| Untracked 
|  10|0x000000070b800000, 0x000000070ba00000, 0x000000070ba00000|100%| O|  |TAMS 0x000000070b800000| PB 0x000000070b800000| Untracked 
|  11|0x000000070ba00000, 0x000000070bc00000, 0x000000070bc00000|100%| O|  |TAMS 0x000000070ba00000| PB 0x000000070ba00000| Untracked 
|  12|0x000000070bc00000, 0x000000070be00000, 0x000000070be00000|100%| O|  |TAMS 0x000000070bc00000| PB 0x000000070bc00000| Untracked 
|  13|0x000000070be00000, 0x000000070beff160, 0x000000070c000000| 49%| O|  |TAMS 0x000000070be00000| PB 0x000000070be00000| Untracked 
|  14|0x000000070c000000, 0x000000070c200000, 0x000000070c200000|100%| O|  |TAMS 0x000000070c000000| PB 0x000000070c000000| Untracked 
|  15|0x000000070c200000, 0x000000070c400000, 0x000000070c400000|100%| O|  |TAMS 0x000000070c200000| PB 0x000000070c200000| Untracked 
|  16|0x000000070c400000, 0x000000070c400000, 0x000000070c600000|  0%| F|  |TAMS 0x000000070c400000| PB 0x000000070c400000| Untracked 
|  17|0x000000070c600000, 0x000000070c800000, 0x000000070c800000|100%| O|  |TAMS 0x000000070c600000| PB 0x000000070c600000| Untracked 
|  18|0x000000070c800000, 0x000000070ca00000, 0x000000070ca00000|100%| O|  |TAMS 0x000000070c800000| PB 0x000000070c800000| Untracked 
|  19|0x000000070ca00000, 0x000000070cc00000, 0x000000070cc00000|100%| O|  |TAMS 0x000000070ca00000| PB 0x000000070ca00000| Untracked 
|  20|0x000000070cc00000, 0x000000070ce00000, 0x000000070ce00000|100%| O|  |TAMS 0x000000070cc00000| PB 0x000000070cc00000| Untracked 
|  21|0x000000070ce00000, 0x000000070d000000, 0x000000070d000000|100%| O|  |TAMS 0x000000070ce00000| PB 0x000000070ce00000| Untracked 
|  22|0x000000070d000000, 0x000000070d000000, 0x000000070d200000|  0%| F|  |TAMS 0x000000070d000000| PB 0x000000070d000000| Untracked 
|  23|0x000000070d200000, 0x000000070d224800, 0x000000070d400000|  7%| S|CS|TAMS 0x000000070d200000| PB 0x000000070d200000| Complete 
|  24|0x000000070d400000, 0x000000070d400000, 0x000000070d600000|  0%| F|  |TAMS 0x000000070d400000| PB 0x000000070d400000| Untracked 
|  25|0x000000070d600000, 0x000000070d600000, 0x000000070d800000|  0%| F|  |TAMS 0x000000070d600000| PB 0x000000070d600000| Untracked 
|  26|0x000000070d800000, 0x000000070d800000, 0x000000070da00000|  0%| F|  |TAMS 0x000000070d800000| PB 0x000000070d800000| Untracked 
|  27|0x000000070da00000, 0x000000070da00000, 0x000000070dc00000|  0%| F|  |TAMS 0x000000070da00000| PB 0x000000070da00000| Untracked 
|  28|0x000000070dc00000, 0x000000070dc00000, 0x000000070de00000|  0%| F|  |TAMS 0x000000070dc00000| PB 0x000000070dc00000| Untracked 
|  29|0x000000070de00000, 0x000000070de00000, 0x000000070e000000|  0%| F|  |TAMS 0x000000070de00000| PB 0x000000070de00000| Untracked 
|  30|0x000000070e000000, 0x000000070e000000, 0x000000070e200000|  0%| F|  |TAMS 0x000000070e000000| PB 0x000000070e000000| Untracked 
|  31|0x000000070e200000, 0x000000070e200000, 0x000000070e400000|  0%| F|  |TAMS 0x000000070e200000| PB 0x000000070e200000| Untracked 
|  32|0x000000070e400000, 0x000000070e400000, 0x000000070e600000|  0%| F|  |TAMS 0x000000070e400000| PB 0x000000070e400000| Untracked 
|  33|0x000000070e600000, 0x000000070e600000, 0x000000070e800000|  0%| F|  |TAMS 0x000000070e600000| PB 0x000000070e600000| Untracked 
|  34|0x000000070e800000, 0x000000070e800000, 0x000000070ea00000|  0%| F|  |TAMS 0x000000070e800000| PB 0x000000070e800000| Untracked 
|  35|0x000000070ea00000, 0x000000070ea00000, 0x000000070ec00000|  0%| F|  |TAMS 0x000000070ea00000| PB 0x000000070ea00000| Untracked 
|  36|0x000000070ec00000, 0x000000070ec00000, 0x000000070ee00000|  0%| F|  |TAMS 0x000000070ec00000| PB 0x000000070ec00000| Untracked 
|  37|0x000000070ee00000, 0x000000070ee00000, 0x000000070f000000|  0%| F|  |TAMS 0x000000070ee00000| PB 0x000000070ee00000| Untracked 
|  38|0x000000070f000000, 0x000000070f000000, 0x000000070f200000|  0%| F|  |TAMS 0x000000070f000000| PB 0x000000070f000000| Untracked 
|  39|0x000000070f200000, 0x000000070f200000, 0x000000070f400000|  0%| F|  |TAMS 0x000000070f200000| PB 0x000000070f200000| Untracked 
|  40|0x000000070f400000, 0x000000070f400000, 0x000000070f600000|  0%| F|  |TAMS 0x000000070f400000| PB 0x000000070f400000| Untracked 
|  41|0x000000070f600000, 0x000000070f600000, 0x000000070f800000|  0%| F|  |TAMS 0x000000070f600000| PB 0x000000070f600000| Untracked 
|  42|0x000000070f800000, 0x000000070f800000, 0x000000070fa00000|  0%| F|  |TAMS 0x000000070f800000| PB 0x000000070f800000| Untracked 
|  43|0x000000070fa00000, 0x000000070fa00000, 0x000000070fc00000|  0%| F|  |TAMS 0x000000070fa00000| PB 0x000000070fa00000| Untracked 
|  44|0x000000070fc00000, 0x000000070fc00000, 0x000000070fe00000|  0%| F|  |TAMS 0x000000070fc00000| PB 0x000000070fc00000| Untracked 
|  45|0x000000070fe00000, 0x000000070fe00000, 0x0000000710000000|  0%| F|  |TAMS 0x000000070fe00000| PB 0x000000070fe00000| Untracked 
|  46|0x0000000710000000, 0x0000000710000000, 0x0000000710200000|  0%| F|  |TAMS 0x0000000710000000| PB 0x0000000710000000| Untracked 
|  47|0x0000000710200000, 0x0000000710200000, 0x0000000710400000|  0%| F|  |TAMS 0x0000000710200000| PB 0x0000000710200000| Untracked 
|  48|0x0000000710400000, 0x0000000710400000, 0x0000000710600000|  0%| F|  |TAMS 0x0000000710400000| PB 0x0000000710400000| Untracked 
|  49|0x0000000710600000, 0x0000000710600000, 0x0000000710800000|  0%| F|  |TAMS 0x0000000710600000| PB 0x0000000710600000| Untracked 
|  50|0x0000000710800000, 0x0000000710800000, 0x0000000710a00000|  0%| F|  |TAMS 0x0000000710800000| PB 0x0000000710800000| Untracked 
|  51|0x0000000710a00000, 0x0000000710a00000, 0x0000000710c00000|  0%| F|  |TAMS 0x0000000710a00000| PB 0x0000000710a00000| Untracked 
|  52|0x0000000710c00000, 0x0000000710c00000, 0x0000000710e00000|  0%| F|  |TAMS 0x0000000710c00000| PB 0x0000000710c00000| Untracked 
|  87|0x0000000715200000, 0x0000000715200000, 0x0000000715400000|  0%| F|  |TAMS 0x0000000715200000| PB 0x0000000715200000| Untracked 
|  88|0x0000000715400000, 0x0000000715400000, 0x0000000715600000|  0%| F|  |TAMS 0x0000000715400000| PB 0x0000000715400000| Untracked 
|  89|0x0000000715600000, 0x0000000715600000, 0x0000000715800000|  0%| F|  |TAMS 0x0000000715600000| PB 0x0000000715600000| Untracked 
|  90|0x0000000715800000, 0x0000000715800000, 0x0000000715a00000|  0%| F|  |TAMS 0x0000000715800000| PB 0x0000000715800000| Untracked 
| 122|0x0000000719800000, 0x0000000719800000, 0x0000000719a00000|  0%| F|  |TAMS 0x0000000719800000| PB 0x0000000719800000| Untracked 
|1964|0x00000007ffc00000, 0x00000007ffe00000, 0x00000007ffe00000|100%| O|  |TAMS 0x00000007ffc00000| PB 0x00000007ffc00000| Untracked 
|1965|0x00000007ffe00000, 0x0000000800000000, 0x0000000800000000|100%| O|  |TAMS 0x00000007ffe00000| PB 0x00000007ffe00000| Untracked 

Card table byte_map: [0x000001f26dbb0000,0x000001f26e360000] _byte_map_base: 0x000001f26a35e000

Marking Bits: (CMBitMap*) 0x000001f25579c8b0
 Bits: [0x000001f26e360000, 0x000001f2720d0000)

Polling page: 0x000001f254ef0000

Metaspace:

Usage:
  Non-class:     75.66 MB used.
      Class:     11.29 MB used.
       Both:     86.94 MB used.

Virtual space:
  Non-class space:      128.00 MB reserved,      76.12 MB ( 59%) committed,  2 nodes.
      Class space:        1.00 GB reserved,      11.75 MB (  1%) committed,  1 nodes.
             Both:        1.12 GB reserved,      87.88 MB (  8%) committed. 

Chunk freelists:
   Non-Class:  3.92 MB
       Class:  4.12 MB
        Both:  8.04 MB

MaxMetaspaceSize: unlimited
CompressedClassSpaceSize: 1.00 GB
Initial GC threshold: 21.00 MB
Current GC threshold: 146.50 MB
CDS: on
 - commit_granule_bytes: 65536.
 - commit_granule_words: 8192.
 - virtual_space_node_default_size: 8388608.
 - enlarge_chunks_in_place: 1.
 - use_allocation_guard: 0.


Internal statistics:

num_allocs_failed_limit: 9.
num_arena_births: 1438.
num_arena_deaths: 16.
num_vsnodes_births: 3.
num_vsnodes_deaths: 0.
num_space_committed: 1406.
num_space_uncommitted: 0.
num_chunks_returned_to_freelist: 29.
num_chunks_taken_from_freelist: 4842.
num_chunk_merges: 12.
num_chunk_splits: 3399.
num_chunks_enlarged: 2476.
num_inconsistent_stats: 0.

CodeHeap 'non-profiled nmethods': size=119168Kb used=6894Kb max_used=16414Kb free=112273Kb
 bounds [0x000001f265720000, 0x000001f266730000, 0x000001f26cb80000]
CodeHeap 'profiled nmethods': size=119104Kb used=695Kb max_used=32450Kb free=118408Kb
 bounds [0x000001f25db80000, 0x000001f25fb40000, 0x000001f264fd0000]
CodeHeap 'non-nmethods': size=7488Kb used=1766Kb max_used=3546Kb free=5721Kb
 bounds [0x000001f264fd0000, 0x000001f265360000, 0x000001f265720000]
 total_blobs=2519 nmethods=1743 adapters=679
 compilation: enabled
              stopped_count=0, restarted_count=0
 full_count=0

Compilation events (20 events):
Event: 2722.779 Thread 0x000001f27513f640 16968       4       java.lang.reflect.Array::newInstance (6 bytes)
Event: 2722.782 Thread 0x000001f27513f640 nmethod 16968 0x000001f26575fa90 code [0x000001f26575fc20, 0x000001f26575fe68]
Event: 2723.520 Thread 0x000001f27513f640 16969       4       java.util.concurrent.ConcurrentLinkedQueue::poll (84 bytes)
Event: 2723.528 Thread 0x000001f27513f640 nmethod 16969 0x000001f265749110 code [0x000001f2657492c0, 0x000001f265749890]
Event: 2723.785 Thread 0x000001f27513f640 16970       4       java.util.Arrays::copyOf (40 bytes)
Event: 2723.791 Thread 0x000001f27513f640 nmethod 16970 0x000001f265747510 code [0x000001f2657476e0, 0x000001f265747c70]
Event: 2725.546 Thread 0x000001f27513f640 16971       4       java.util.concurrent.atomic.AtomicIntegerFieldUpdater$AtomicIntegerFieldUpdaterImpl::accessCheck (17 bytes)
Event: 2725.547 Thread 0x000001f27513f640 nmethod 16971 0x000001f26575d810 code [0x000001f26575d9a0, 0x000001f26575dae8]
Event: 2725.780 Thread 0x000001f27513f640 16972       4       java.util.concurrent.locks.ReentrantLock::newCondition (8 bytes)
Event: 2725.781 Thread 0x000001f27513f640 nmethod 16972 0x000001f26574cd90 code [0x000001f26574cf20, 0x000001f26574d028]
Event: 2727.237 Thread 0x000001f27514e140 16974       3       sun.nio.ch.Net::localAddress (16 bytes)
Event: 2727.237 Thread 0x000001f27514e140 nmethod 16974 0x000001f25dca7910 code [0x000001f25dca7ae0, 0x000001f25dca7cf0]
Event: 2728.799 Thread 0x000001f27514e140 16977       3       java.text.SimpleDateFormat::format (171 bytes)
Event: 2728.800 Thread 0x000001f27514e140 nmethod 16977 0x000001f25ee56b10 code [0x000001f25ee56d80, 0x000001f25ee579b8]
Event: 2729.355 Thread 0x000001f27514e140 16978       3       sun.nio.ch.Net::getSocketOption (143 bytes)
Event: 2729.357 Thread 0x000001f27514e140 nmethod 16978 0x000001f25ee54810 code [0x000001f25ee54ae0, 0x000001f25ee55730]
Event: 2729.360 Thread 0x000001f27513f640 16979       4       org.apache.tomcat.util.net.NioEndpoint$Poller::createPollerEvent (51 bytes)
Event: 2729.363 Thread 0x000001f27513f640 nmethod 16979 0x000001f265b8fb10 code [0x000001f265b8fca0, 0x000001f265b8fdf0]
Event: 2730.262 Thread 0x000001f27513f640 16981       4       org.apache.coyote.AbstractProtocol$ConnectionHandler::release (67 bytes)
Event: 2730.281 Thread 0x000001f27513f640 nmethod 16981 0x000001f265815890 code [0x000001f265815b40, 0x000001f265816c80]

GC Heap History (20 events):
Event: 2718.469 GC heap after
{Heap after GC invocations=87 (full 0):
 garbage-first heap   total 122880K, used 44065K [0x000000070a400000, 0x0000000800000000)
  region size 2048K, 1 young (2048K), 1 survivors (2048K)
 Metaspace       used 89011K, committed 89984K, reserved 1179648K
  class space    used 11558K, committed 12032K, reserved 1048576K
}
Event: 2719.717 GC heap before
{Heap before GC invocations=87 (full 0):
 garbage-first heap   total 122880K, used 111649K [0x000000070a400000, 0x0000000800000000)
  region size 2048K, 34 young (69632K), 1 survivors (2048K)
 Metaspace       used 89013K, committed 89984K, reserved 1179648K
  class space    used 11558K, committed 12032K, reserved 1048576K
}
Event: 2719.719 GC heap after
{Heap after GC invocations=88 (full 0):
 garbage-first heap   total 122880K, used 44100K [0x000000070a400000, 0x0000000800000000)
  region size 2048K, 1 young (2048K), 1 survivors (2048K)
 Metaspace       used 89013K, committed 89984K, reserved 1179648K
  class space    used 11558K, committed 12032K, reserved 1048576K
}
Event: 2721.162 GC heap before
{Heap before GC invocations=89 (full 0):
 garbage-first heap   total 122880K, used 111684K [0x000000070a400000, 0x0000000800000000)
  region size 2048K, 34 young (69632K), 1 survivors (2048K)
 Metaspace       used 89024K, committed 89984K, reserved 1179648K
  class space    used 11558K, committed 12032K, reserved 1048576K
}
Event: 2721.164 GC heap after
{Heap after GC invocations=90 (full 0):
 garbage-first heap   total 122880K, used 44153K [0x000000070a400000, 0x0000000800000000)
  region size 2048K, 1 young (2048K), 1 survivors (2048K)
 Metaspace       used 89024K, committed 89984K, reserved 1179648K
  class space    used 11558K, committed 12032K, reserved 1048576K
}
Event: 2722.444 GC heap before
{Heap before GC invocations=90 (full 0):
 garbage-first heap   total 122880K, used 111737K [0x000000070a400000, 0x0000000800000000)
  region size 2048K, 34 young (69632K), 1 survivors (2048K)
 Metaspace       used 89024K, committed 89984K, reserved 1179648K
  class space    used 11558K, committed 12032K, reserved 1048576K
}
Event: 2722.446 GC heap after
{Heap after GC invocations=91 (full 0):
 garbage-first heap   total 122880K, used 44096K [0x000000070a400000, 0x0000000800000000)
  region size 2048K, 1 young (2048K), 1 survivors (2048K)
 Metaspace       used 89024K, committed 89984K, reserved 1179648K
  class space    used 11558K, committed 12032K, reserved 1048576K
}
Event: 2723.686 GC heap before
{Heap before GC invocations=92 (full 0):
 garbage-first heap   total 122880K, used 111680K [0x000000070a400000, 0x0000000800000000)
  region size 2048K, 34 young (69632K), 1 survivors (2048K)
 Metaspace       used 89024K, committed 89984K, reserved 1179648K
  class space    used 11558K, committed 12032K, reserved 1048576K
}
Event: 2723.687 GC heap after
{Heap after GC invocations=93 (full 0):
 garbage-first heap   total 122880K, used 44080K [0x000000070a400000, 0x0000000800000000)
  region size 2048K, 1 young (2048K), 1 survivors (2048K)
 Metaspace       used 89024K, committed 89984K, reserved 1179648K
  class space    used 11558K, committed 12032K, reserved 1048576K
}
Event: 2724.951 GC heap before
{Heap before GC invocations=93 (full 0):
 garbage-first heap   total 122880K, used 111664K [0x000000070a400000, 0x0000000800000000)
  region size 2048K, 34 young (69632K), 1 survivors (2048K)
 Metaspace       used 89024K, committed 89984K, reserved 1179648K
  class space    used 11558K, committed 12032K, reserved 1048576K
}
Event: 2724.953 GC heap after
{Heap after GC invocations=94 (full 0):
 garbage-first heap   total 122880K, used 44108K [0x000000070a400000, 0x0000000800000000)
  region size 2048K, 1 young (2048K), 1 survivors (2048K)
 Metaspace       used 89024K, committed 89984K, reserved 1179648K
  class space    used 11558K, committed 12032K, reserved 1048576K
}
Event: 2726.545 GC heap before
{Heap before GC invocations=95 (full 0):
 garbage-first heap   total 122880K, used 111692K [0x000000070a400000, 0x0000000800000000)
  region size 2048K, 34 young (69632K), 1 survivors (2048K)
 Metaspace       used 89024K, committed 89984K, reserved 1179648K
  class space    used 11558K, committed 12032K, reserved 1048576K
}
Event: 2726.547 GC heap after
{Heap after GC invocations=96 (full 0):
 garbage-first heap   total 122880K, used 44133K [0x000000070a400000, 0x0000000800000000)
  region size 2048K, 1 young (2048K), 1 survivors (2048K)
 Metaspace       used 89024K, committed 89984K, reserved 1179648K
  class space    used 11558K, committed 12032K, reserved 1048576K
}
Event: 2727.737 GC heap before
{Heap before GC invocations=96 (full 0):
 garbage-first heap   total 122880K, used 111717K [0x000000070a400000, 0x0000000800000000)
  region size 2048K, 34 young (69632K), 1 survivors (2048K)
 Metaspace       used 89025K, committed 89984K, reserved 1179648K
  class space    used 11558K, committed 12032K, reserved 1048576K
}
Event: 2727.739 GC heap after
{Heap after GC invocations=97 (full 0):
 garbage-first heap   total 122880K, used 44157K [0x000000070a400000, 0x0000000800000000)
  region size 2048K, 1 young (2048K), 1 survivors (2048K)
 Metaspace       used 89025K, committed 89984K, reserved 1179648K
  class space    used 11558K, committed 12032K, reserved 1048576K
}
Event: 2728.689 GC heap before
{Heap before GC invocations=98 (full 0):
 garbage-first heap   total 122880K, used 111741K [0x000000070a400000, 0x0000000800000000)
  region size 2048K, 34 young (69632K), 1 survivors (2048K)
 Metaspace       used 89025K, committed 89984K, reserved 1179648K
  class space    used 11558K, committed 12032K, reserved 1048576K
}
Event: 2728.690 GC heap after
{Heap after GC invocations=99 (full 0):
 garbage-first heap   total 122880K, used 44119K [0x000000070a400000, 0x0000000800000000)
  region size 2048K, 1 young (2048K), 1 survivors (2048K)
 Metaspace       used 89025K, committed 89984K, reserved 1179648K
  class space    used 11558K, committed 12032K, reserved 1048576K
}
Event: 2729.567 GC heap before
{Heap before GC invocations=99 (full 0):
 garbage-first heap   total 122880K, used 111703K [0x000000070a400000, 0x0000000800000000)
  region size 2048K, 34 young (69632K), 1 survivors (2048K)
 Metaspace       used 89029K, committed 89984K, reserved 1179648K
  class space    used 11558K, committed 12032K, reserved 1048576K
}
Event: 2729.569 GC heap after
{Heap after GC invocations=100 (full 0):
 garbage-first heap   total 122880K, used 44093K [0x000000070a400000, 0x0000000800000000)
  region size 2048K, 1 young (2048K), 1 survivors (2048K)
 Metaspace       used 89029K, committed 89984K, reserved 1179648K
  class space    used 11558K, committed 12032K, reserved 1048576K
}
Event: 2730.293 GC heap before
{Heap before GC invocations=101 (full 0):
 garbage-first heap   total 122880K, used 111677K [0x000000070a400000, 0x0000000800000000)
  region size 2048K, 34 young (69632K), 1 survivors (2048K)
 Metaspace       used 89029K, committed 89984K, reserved 1179648K
  class space    used 11558K, committed 12032K, reserved 1048576K
}

Dll operation events (14 events):
Event: 0.010 Loaded shared library C:\Program Files\Java\jdk-21\bin\java.dll
Event: 0.039 Loaded shared library C:\Program Files\Java\jdk-21\bin\jsvml.dll
Event: 0.112 Loaded shared library C:\Program Files\Java\jdk-21\bin\zip.dll
Event: 0.116 Loaded shared library C:\Program Files\Java\jdk-21\bin\instrument.dll
Event: 0.121 Loaded shared library C:\Program Files\Java\jdk-21\bin\net.dll
Event: 0.122 Loaded shared library C:\Program Files\Java\jdk-21\bin\nio.dll
Event: 0.126 Loaded shared library C:\Program Files\Java\jdk-21\bin\zip.dll
Event: 0.255 Loaded shared library C:\Program Files\JetBrains\IntelliJ IDEA Community Edition 2023.3.1\bin\breakgen64.dll
Event: 0.265 Loaded shared library C:\Program Files\Java\jdk-21\bin\extnet.dll
Event: 0.298 Loaded shared library C:\Program Files\Java\jdk-21\bin\jimage.dll
Event: 0.714 Loaded shared library C:\Program Files\Java\jdk-21\bin\management.dll
Event: 0.716 Loaded shared library C:\Program Files\Java\jdk-21\bin\management_ext.dll
Event: 1.701 Loaded shared library C:\Program Files\Java\jdk-21\bin\sunmscapi.dll
Event: 5.626 Loaded shared library C:\Program Files\Java\jdk-21\bin\verify.dll

Deoptimization events (20 events):
Event: 2673.339 Thread 0x000001f27b518c70 Uncommon trap: trap_request=0xffffffd6 fr.pc=0x000001f26660aa74 relative=0x00000000000001b4
Event: 2673.339 Thread 0x000001f27b518c70 Uncommon trap: reason=array_check action=maybe_recompile pc=0x000001f26660aa74 method=org.apache.coyote.http11.Http11InputBuffer.addActiveFilter(Lorg/apache/coyote/http11/InputFilter;)V @ 79 c2
Event: 2673.339 Thread 0x000001f27b518c70 DEOPT PACKING pc=0x000001f26660aa74 sp=0x000000abe23fea60
Event: 2673.339 Thread 0x000001f27b518c70 DEOPT UNPACKING pc=0x000001f2650246a2 sp=0x000000abe23fea08 mode 2
Event: 2673.339 Thread 0x000001f27a8339e0 Uncommon trap: trap_request=0xffffffd6 fr.pc=0x000001f26660aa74 relative=0x00000000000001b4
Event: 2673.339 Thread 0x000001f27a8339e0 Uncommon trap: reason=array_check action=maybe_recompile pc=0x000001f26660aa74 method=org.apache.coyote.http11.Http11InputBuffer.addActiveFilter(Lorg/apache/coyote/http11/InputFilter;)V @ 79 c2
Event: 2673.339 Thread 0x000001f27a8339e0 DEOPT PACKING pc=0x000001f26660aa74 sp=0x000000abe2afe9a0
Event: 2673.339 Thread 0x000001f27a8339e0 DEOPT UNPACKING pc=0x000001f2650246a2 sp=0x000000abe2afe948 mode 2
Event: 2676.004 Thread 0x000001f27b513720 Uncommon trap: trap_request=0xffffff45 fr.pc=0x000001f2666848c8 relative=0x0000000000000ee8
Event: 2676.004 Thread 0x000001f27b513720 Uncommon trap: reason=unstable_if action=reinterpret pc=0x000001f2666848c8 method=com.zaxxer.hikari.pool.HikariPool.getConnection(J)Ljava/sql/Connection; @ 67 c2
Event: 2676.004 Thread 0x000001f27b513720 DEOPT PACKING pc=0x000001f2666848c8 sp=0x000000abe24fb6a0
Event: 2676.004 Thread 0x000001f27b513720 DEOPT UNPACKING pc=0x000001f2650246a2 sp=0x000000abe24fb490 mode 2
Event: 2682.237 Thread 0x000001f27b513db0 Uncommon trap: trap_request=0xffffff45 fr.pc=0x000001f265a86004 relative=0x00000000000004c4
Event: 2682.237 Thread 0x000001f27b513db0 Uncommon trap: reason=unstable_if action=reinterpret pc=0x000001f265a86004 method=com.zaxxer.hikari.pool.HikariPool.getConnection(J)Ljava/sql/Connection; @ 67 c2
Event: 2682.237 Thread 0x000001f27b513db0 DEOPT PACKING pc=0x000001f265a86004 sp=0x000000abe25fcac0
Event: 2682.237 Thread 0x000001f27b513db0 DEOPT UNPACKING pc=0x000001f2650246a2 sp=0x000000abe25fc900 mode 2
Event: 2720.943 Thread 0x000001f27a8339e0 Uncommon trap: trap_request=0xffffff45 fr.pc=0x000001f265e53a2c relative=0x000000000000008c
Event: 2720.943 Thread 0x000001f27a8339e0 Uncommon trap: reason=unstable_if action=reinterpret pc=0x000001f265e53a2c method=jdk.internal.misc.Unsafe.getAndBitwiseAndInt(Ljava/lang/Object;JI)I @ 21 c2
Event: 2720.943 Thread 0x000001f27a8339e0 DEOPT PACKING pc=0x000001f265e53a2c sp=0x000000abe2afefb0
Event: 2720.943 Thread 0x000001f27a8339e0 DEOPT UNPACKING pc=0x000001f2650246a2 sp=0x000000abe2afeeb8 mode 2

Classes loaded (20 events):
Event: 1443.714 Loading class sun/net/ConnectionResetException
Event: 1443.714 Loading class sun/net/ConnectionResetException done
Event: 1765.884 Loading class sun/security/ssl/Alert
Event: 1765.885 Loading class sun/security/ssl/Alert done
Event: 1765.885 Loading class sun/security/ssl/Alert$AlertConsumer
Event: 1765.885 Loading class sun/security/ssl/Alert$AlertConsumer done
Event: 1765.885 Loading class sun/security/ssl/Alert$Level
Event: 1765.886 Loading class sun/security/ssl/Alert$Level done
Event: 1903.364 Loading class java/util/function/LongSupplier
Event: 1903.364 Loading class java/util/function/LongSupplier done
Event: 1903.429 Loading class jdk/internal/reflect/MethodHandleDoubleFieldAccessorImpl
Event: 1903.429 Loading class jdk/internal/reflect/MethodHandleDoubleFieldAccessorImpl done
Event: 1903.443 Loading class sun/reflect/generics/tree/LongSignature
Event: 1903.443 Loading class sun/reflect/generics/tree/LongSignature done
Event: 1903.470 Loading class java/time/Instant$1
Event: 1903.470 Loading class java/time/Instant$1 done
Event: 1903.632 Loading class java/math/BigDecimal$StringBuilderHelper
Event: 1903.632 Loading class java/math/BigDecimal$StringBuilderHelper done
Event: 2656.962 Loading class sun/util/locale/LocaleExtensions
Event: 2656.964 Loading class sun/util/locale/LocaleExtensions done

Classes unloaded (8 events):
Event: 2674.085 Thread 0x000001f275115e00 Unloading class 0x000001f201bc2c00 'java/lang/invoke/LambdaForm$MH+0x000001f201bc2c00'
Event: 2674.085 Thread 0x000001f275115e00 Unloading class 0x000001f201bc2800 'java/lang/invoke/LambdaForm$MH+0x000001f201bc2800'
Event: 2674.085 Thread 0x000001f275115e00 Unloading class 0x000001f201bc1400 'java/lang/invoke/LambdaForm$MH+0x000001f201bc1400'
Event: 2674.085 Thread 0x000001f275115e00 Unloading class 0x000001f201bc0400 'java/lang/invoke/LambdaForm$BMH+0x000001f201bc0400'
Event: 2674.085 Thread 0x000001f275115e00 Unloading class 0x000001f201bc0000 'java/lang/invoke/LambdaForm$DMH+0x000001f201bc0000'
Event: 2674.085 Thread 0x000001f275115e00 Unloading class 0x000001f201bbd400 'java/lang/invoke/LambdaForm$MH+0x000001f201bbd400'
Event: 2674.085 Thread 0x000001f275115e00 Unloading class 0x000001f201bbcc00 'java/lang/invoke/LambdaForm$BMH+0x000001f201bbcc00'
Event: 2674.085 Thread 0x000001f275115e00 Unloading class 0x000001f201bbc800 'java/lang/invoke/LambdaForm$DMH+0x000001f201bbc800'

Classes redefined (0 events):
No events

Internal exceptions (20 events):
Event: 1800.031 Thread 0x000001f275c135a0 Exception <a 'java/io/IOException'{0x000000070dc16ac0}> (0x000000070dc16ac0) 
thrown [s\open\src\hotspot\share\prims\jni.cpp, line 520]
Event: 1837.050 Thread 0x000001f27b513db0 Exception <a 'java/io/IOException'{0x00000007156bb168}> (0x00000007156bb168) 
thrown [s\open\src\hotspot\share\prims\jni.cpp, line 520]
Event: 1900.459 Thread 0x000001f27a831910 Exception <a 'java/net/SocketException'{0x000000070f2d6e90}: Connection reset by peer: shutdown> (0x000000070f2d6e90) 
thrown [s\open\src\hotspot\share\prims\jni.cpp, line 539]
Event: 1903.287 Thread 0x000001f27a8339e0 Exception <a 'java/lang/NoSuchMethodError'{0x000000070f0890e8}: 'java.lang.Object java.lang.invoke.DirectMethodHandle$Holder.invokeInterface(java.lang.Object, java.lang.Object, java.lang.Object, java.lang.Object)'> (0x000000070f0890e8) 
thrown [s\open\src\hotspot\share\interpreter\linkResolver.cpp, line 773]
Event: 1903.390 Thread 0x000001f27a8339e0 Exception <a 'java/lang/IncompatibleClassChangeError'{0x000000070ef4fd00}: Found class java.lang.Object, but interface was expected> (0x000000070ef4fd00) 
thrown [s\open\src\hotspot\share\interpreter\linkResolver.cpp, line 840]
Event: 1903.431 Thread 0x000001f27b513db0 Exception <a 'java/lang/NoSuchMethodError'{0x000000070ef9c808}: 'double java.lang.invoke.DelegatingMethodHandle$Holder.reinvoke_L(java.lang.Object, java.lang.Object)'> (0x000000070ef9c808) 
thrown [s\open\src\hotspot\share\interpreter\linkResolver.cpp, line 773]
Event: 1903.431 Thread 0x000001f27a8339e0 Exception <a 'java/lang/NoSuchMethodError'{0x000000070ef98b38}: 'double java.lang.invoke.DelegatingMethodHandle$Holder.reinvoke_L(java.lang.Object, java.lang.Object)'> (0x000000070ef98b38) 
thrown [s\open\src\hotspot\share\interpreter\linkResolver.cpp, line 773]
Event: 1903.432 Thread 0x000001f27a8339e0 Exception <a 'java/lang/NoSuchMethodError'{0x000000070efb2248}: 'void java.lang.invoke.DelegatingMethodHandle$Holder.reinvoke_L(java.lang.Object, java.lang.Object, double)'> (0x000000070efb2248) 
thrown [s\open\src\hotspot\share\interpreter\linkResolver.cpp, line 773]
Event: 1903.432 Thread 0x000001f27b513db0 Exception <a 'java/lang/NoSuchMethodError'{0x000000070efa6788}: 'void java.lang.invoke.DelegatingMethodHandle$Holder.reinvoke_L(java.lang.Object, java.lang.Object, double)'> (0x000000070efa6788) 
thrown [s\open\src\hotspot\share\interpreter\linkResolver.cpp, line 773]
Event: 1903.491 Thread 0x000001f27b513db0 Exception <a 'java/lang/IncompatibleClassChangeError'{0x000000070edd6dd8}: Found class java.lang.Object, but interface was expected> (0x000000070edd6dd8) 
thrown [s\open\src\hotspot\share\interpreter\linkResolver.cpp, line 840]
Event: 1903.503 Thread 0x000001f27b513db0 Exception <a 'java/lang/NoSuchMethodError'{0x000000070ea1a148}: 'long java.lang.invoke.DelegatingMethodHandle$Holder.reinvoke_L(java.lang.Object, java.lang.Object)'> (0x000000070ea1a148) 
thrown [s\open\src\hotspot\share\interpreter\linkResolver.cpp, line 773]
Event: 1903.505 Thread 0x000001f27b513db0 Exception <a 'java/lang/IncompatibleClassChangeError'{0x000000070ea24520}: Found class java.lang.Object, but interface was expected> (0x000000070ea24520) 
thrown [s\open\src\hotspot\share\interpreter\linkResolver.cpp, line 840]
Event: 1903.505 Thread 0x000001f27b513db0 Exception <a 'java/lang/IncompatibleClassChangeError'{0x000000070ea25530}: Found class java.lang.Object, but interface was expected> (0x000000070ea25530) 
thrown [s\open\src\hotspot\share\interpreter\linkResolver.cpp, line 840]
Event: 1903.505 Thread 0x000001f27b513db0 Exception <a 'java/lang/IncompatibleClassChangeError'{0x000000070ea28bb0}: Found class java.lang.Object, but interface was expected> (0x000000070ea28bb0) 
thrown [s\open\src\hotspot\share\interpreter\linkResolver.cpp, line 840]
Event: 1903.634 Thread 0x000001f27b518c70 Exception <a 'java/lang/NoSuchMethodError'{0x000000070e444280}: 'double java.lang.invoke.DirectMethodHandle$Holder.invokeVirtual(java.lang.Object, java.lang.Object)'> (0x000000070e444280) 
thrown [s\open\src\hotspot\share\interpreter\linkResolver.cpp, line 773]
Event: 2650.179 Thread 0x000001f27a831910 Exception <a 'java/lang/NoSuchMethodError'{0x000000070ebed318}: 'java.lang.Object java.lang.invoke.DirectMethodHandle$Holder.invokeInterface(java.lang.Object, java.lang.Object, java.lang.Object, java.lang.Object, java.lang.Object)'> (0x000000070ebed318) 
thrown [s\open\src\hotspot\share\interpreter\linkResolver.cpp, line 773]
Event: 2671.468 Thread 0x000001f27b514440 Implicit null exception at 0x000001f2665bdda7 to 0x000001f2665c3338
Event: 2671.468 Thread 0x000001f27b513720 Implicit null exception at 0x000001f2665bdda7 to 0x000001f2665c3338
Event: 2671.468 Thread 0x000001f27b515160 Implicit null exception at 0x000001f2665bdda7 to 0x000001f2665c3338
Event: 2671.469 Thread 0x000001f27b514ad0 Implicit null exception at 0x000001f2665bdda7 to 0x000001f2665c3338

ZGC Phase Switch (0 events):
No events

VM Operations (20 events):
Event: 2724.992 Executing VM operation: G1PauseRemark done
Event: 2725.002 Executing VM operation: G1PauseCleanup
Event: 2725.002 Executing VM operation: G1PauseCleanup done
Event: 2726.545 Executing VM operation: G1CollectForAllocation (G1 Evacuation Pause)
Event: 2726.547 Executing VM operation: G1CollectForAllocation (G1 Evacuation Pause) done
Event: 2727.737 Executing VM operation: G1CollectForAllocation (G1 Evacuation Pause)
Event: 2727.739 Executing VM operation: G1CollectForAllocation (G1 Evacuation Pause) done
Event: 2727.777 Executing VM operation: G1PauseRemark
Event: 2727.780 Executing VM operation: G1PauseRemark done
Event: 2727.789 Executing VM operation: G1PauseCleanup
Event: 2727.789 Executing VM operation: G1PauseCleanup done
Event: 2728.689 Executing VM operation: G1CollectForAllocation (G1 Evacuation Pause)
Event: 2728.690 Executing VM operation: G1CollectForAllocation (G1 Evacuation Pause) done
Event: 2729.567 Executing VM operation: G1CollectForAllocation (G1 Evacuation Pause)
Event: 2729.569 Executing VM operation: G1CollectForAllocation (G1 Evacuation Pause) done
Event: 2729.614 Executing VM operation: G1PauseRemark
Event: 2729.617 Executing VM operation: G1PauseRemark done
Event: 2729.629 Executing VM operation: G1PauseCleanup
Event: 2729.629 Executing VM operation: G1PauseCleanup done
Event: 2730.292 Executing VM operation: G1CollectForAllocation (G1 Evacuation Pause)

Events (20 events):
Event: 2717.104 Thread 0x000001f275115e00 flushing nmethod 0x000001f265753590
Event: 2722.484 Thread 0x000001f275115e00 flushing nmethod 0x000001f25fb30490
Event: 2722.484 Thread 0x000001f275115e00 flushing nmethod 0x000001f25db96890
Event: 2722.484 Thread 0x000001f275115e00 flushing nmethod 0x000001f25dd28610
Event: 2722.484 Thread 0x000001f275115e00 flushing nmethod 0x000001f25dd07090
Event: 2722.484 Thread 0x000001f275115e00 flushing nmethod 0x000001f25dca7910
Event: 2722.484 Thread 0x000001f275115e00 flushing nmethod 0x000001f25dbcb710
Event: 2722.484 Thread 0x000001f275115e00 flushing nmethod 0x000001f25dbb8010
Event: 2722.484 Thread 0x000001f275115e00 flushing nmethod 0x000001f266538f90
Event: 2722.485 Thread 0x000001f275115e00 flushing nmethod 0x000001f26574b190
Event: 2724.021 Thread 0x000001f275c13c30 Thread exited: 0x000001f275c13c30
Event: 2724.992 Thread 0x000001f275115e00 flushing nmethod 0x000001f25f843590
Event: 2724.992 Thread 0x000001f275115e00 flushing nmethod 0x000001f25ef15510
Event: 2724.992 Thread 0x000001f275115e00 flushing nmethod 0x000001f25ee2a010
Event: 2724.992 Thread 0x000001f275115e00 flushing nmethod 0x000001f25db96c90
Event: 2724.992 Thread 0x000001f275115e00 flushing nmethod 0x000001f265e53810
Event: 2724.992 Thread 0x000001f275115e00 flushing nmethod 0x000001f265726090
Event: 2725.546 Thread 0x000001f275c17dd0 Thread added: 0x000001f275c17dd0
Event: 2727.779 Thread 0x000001f275115e00 flushing nmethod 0x000001f25eac7d90
Event: 2729.617 Thread 0x000001f275115e00 flushing nmethod 0x000001f25dd53490


Dynamic libraries:
0x00007ff6a3930000 - 0x00007ff6a3940000 	C:\Program Files\Java\jdk-21\bin\java.exe
0x00007ff95ba10000 - 0x00007ff95bc26000 	C:\WINDOWS\SYSTEM32\ntdll.dll
0x00007ff95a230000 - 0x00007ff95a2f4000 	C:\WINDOWS\System32\KERNEL32.DLL
0x00007ff958f50000 - 0x00007ff9592f7000 	C:\WINDOWS\System32\KERNELBASE.dll
0x00007ff959500000 - 0x00007ff959611000 	C:\WINDOWS\System32\ucrtbase.dll
0x00007ff946fe0000 - 0x00007ff946ff9000 	C:\Program Files\Java\jdk-21\bin\jli.dll
0x00007ff946120000 - 0x00007ff94613b000 	C:\Program Files\Java\jdk-21\bin\VCRUNTIME140.dll
0x00007ff95a080000 - 0x00007ff95a132000 	C:\WINDOWS\System32\ADVAPI32.dll
0x00007ff95b620000 - 0x00007ff95b6c7000 	C:\WINDOWS\System32\msvcrt.dll
0x00007ff95b570000 - 0x00007ff95b618000 	C:\WINDOWS\System32\sechost.dll
0x00007ff958ea0000 - 0x00007ff958ec8000 	C:\WINDOWS\System32\bcrypt.dll
0x00007ff95b7e0000 - 0x00007ff95b8f5000 	C:\WINDOWS\System32\RPCRT4.dll
0x00007ff959900000 - 0x00007ff959aae000 	C:\WINDOWS\System32\USER32.dll
0x00007ff959430000 - 0x00007ff959456000 	C:\WINDOWS\System32\win32u.dll
0x00007ff95a450000 - 0x00007ff95a479000 	C:\WINDOWS\System32\GDI32.dll
0x00007ff94e490000 - 0x00007ff94e723000 	C:\WINDOWS\WinSxS\amd64_microsoft.windows.common-controls_6595b64144ccf1df_6.0.22621.3235_none_270f74e173860f98\COMCTL32.dll
0x00007ff959620000 - 0x00007ff959739000 	C:\WINDOWS\System32\gdi32full.dll
0x00007ff959460000 - 0x00007ff9594fa000 	C:\WINDOWS\System32\msvcp_win.dll
0x00007ff950f90000 - 0x00007ff950f9a000 	C:\WINDOWS\SYSTEM32\VERSION.dll
0x00007ff959bc0000 - 0x00007ff959bf1000 	C:\WINDOWS\System32\IMM32.DLL
0x00007ff9494e0000 - 0x00007ff9494ec000 	C:\Program Files\Java\jdk-21\bin\vcruntime140_1.dll
0x00007ff91ef30000 - 0x00007ff91efbe000 	C:\Program Files\Java\jdk-21\bin\msvcp140.dll
0x00007ff90c3e0000 - 0x00007ff90d0f5000 	C:\Program Files\Java\jdk-21\bin\server\jvm.dll
0x00007ff95b480000 - 0x00007ff95b4f1000 	C:\WINDOWS\System32\WS2_32.dll
0x00007ff9585b0000 - 0x00007ff9585fd000 	C:\WINDOWS\SYSTEM32\POWRPROF.dll
0x00007ff956750000 - 0x00007ff956784000 	C:\WINDOWS\SYSTEM32\WINMM.dll
0x00007ff958590000 - 0x00007ff9585a3000 	C:\WINDOWS\SYSTEM32\UMPDC.dll
0x00007ff957d70000 - 0x00007ff957d88000 	C:\WINDOWS\SYSTEM32\kernel.appcore.dll
0x00007ff9494c0000 - 0x00007ff9494ca000 	C:\Program Files\Java\jdk-21\bin\jimage.dll
0x00007ff956490000 - 0x00007ff9566c3000 	C:\WINDOWS\SYSTEM32\DBGHELP.DLL
0x00007ff95a4e0000 - 0x00007ff95a868000 	C:\WINDOWS\System32\combase.dll
0x00007ff95a140000 - 0x00007ff95a217000 	C:\WINDOWS\System32\OLEAUT32.dll
0x00007ff956710000 - 0x00007ff956742000 	C:\WINDOWS\SYSTEM32\dbgcore.DLL
0x00007ff958ed0000 - 0x00007ff958f49000 	C:\WINDOWS\System32\bcryptPrimitives.dll
0x00007ff946110000 - 0x00007ff94611f000 	C:\Program Files\Java\jdk-21\bin\instrument.dll
0x00007ff9432a0000 - 0x00007ff9432bf000 	C:\Program Files\Java\jdk-21\bin\java.dll
0x00007ff95a880000 - 0x00007ff95b0dc000 	C:\WINDOWS\System32\SHELL32.dll
0x00007ff956c50000 - 0x00007ff957549000 	C:\WINDOWS\SYSTEM32\windows.storage.dll
0x00007ff956b10000 - 0x00007ff956c4e000 	C:\WINDOWS\SYSTEM32\wintypes.dll
0x00007ff95a350000 - 0x00007ff95a443000 	C:\WINDOWS\System32\SHCORE.dll
0x00007ff95a480000 - 0x00007ff95a4de000 	C:\WINDOWS\System32\shlwapi.dll
0x00007ff958c60000 - 0x00007ff958c81000 	C:\WINDOWS\SYSTEM32\profapi.dll
0x00007ff917120000 - 0x00007ff9171f7000 	C:\Program Files\Java\jdk-21\bin\jsvml.dll
0x00007ff931290000 - 0x00007ff9312a8000 	C:\Program Files\Java\jdk-21\bin\zip.dll
0x00007ff9460e0000 - 0x00007ff9460f0000 	C:\Program Files\Java\jdk-21\bin\net.dll
0x00007ff951d20000 - 0x00007ff951e56000 	C:\WINDOWS\SYSTEM32\WINHTTP.dll
0x00007ff958250000 - 0x00007ff9582b9000 	C:\WINDOWS\system32\mswsock.dll
0x00007ff9312b0000 - 0x00007ff9312c6000 	C:\Program Files\Java\jdk-21\bin\nio.dll
0x00007ff92e590000 - 0x00007ff92e5aa000 	C:\Program Files\JetBrains\IntelliJ IDEA Community Edition 2023.3.1\bin\breakgen64.dll
0x00007ff945ab0000 - 0x00007ff945ab7000 	C:\Program Files\Java\jdk-21\bin\extnet.dll
0x00007ff945250000 - 0x00007ff94525a000 	C:\Program Files\Java\jdk-21\bin\management.dll
0x00007ff9447a0000 - 0x00007ff9447ab000 	C:\Program Files\Java\jdk-21\bin\management_ext.dll
0x00007ff95a220000 - 0x00007ff95a228000 	C:\WINDOWS\System32\PSAPI.DLL
0x00007ff9440f0000 - 0x00007ff9440fe000 	C:\Program Files\Java\jdk-21\bin\sunmscapi.dll
0x00007ff958d30000 - 0x00007ff958e97000 	C:\WINDOWS\System32\CRYPT32.dll
0x00007ff9586f0000 - 0x00007ff95871e000 	C:\WINDOWS\SYSTEM32\ncrypt.dll
0x00007ff9586b0000 - 0x00007ff9586e7000 	C:\WINDOWS\SYSTEM32\NTASN1.dll
0x00007ff9584b0000 - 0x00007ff9584cb000 	C:\WINDOWS\SYSTEM32\CRYPTSP.dll
0x00007ff957cd0000 - 0x00007ff957d05000 	C:\WINDOWS\system32\rsaenh.dll
0x00007ff958350000 - 0x00007ff958378000 	C:\WINDOWS\SYSTEM32\USERENV.dll
0x00007ff958500000 - 0x00007ff95850c000 	C:\WINDOWS\SYSTEM32\CRYPTBASE.dll
0x00007ff9577a0000 - 0x00007ff9577cd000 	C:\WINDOWS\SYSTEM32\IPHLPAPI.DLL
0x00007ff95a870000 - 0x00007ff95a879000 	C:\WINDOWS\System32\NSI.dll
0x00007ff943f20000 - 0x00007ff943f30000 	C:\Program Files\Java\jdk-21\bin\verify.dll
0x00007ff9577d0000 - 0x00007ff9578c9000 	C:\WINDOWS\SYSTEM32\DNSAPI.dll
0x00007ff9511c0000 - 0x00007ff9511ca000 	C:\Windows\System32\rasadhlp.dll
0x00007ff9501a0000 - 0x00007ff950223000 	C:\WINDOWS\System32\fwpuclnt.dll
0x00007ff8f8850000 - 0x00007ff8f8858000 	C:\WINDOWS\system32\wshunix.dll

dbghelp: loaded successfully - version: 4.0.5 - missing functions: none
symbol engine: initialized successfully - sym options: 0x614 - pdb path: .;C:\Program Files\Java\jdk-21\bin;C:\WINDOWS\SYSTEM32;C:\WINDOWS\WinSxS\amd64_microsoft.windows.common-controls_6595b64144ccf1df_6.0.22621.3235_none_270f74e173860f98;C:\Program Files\Java\jdk-21\bin\server;C:\Program Files\JetBrains\IntelliJ IDEA Community Edition 2023.3.1\bin

VM Arguments:
jvm_args: -javaagent:C:\Program Files\JetBrains\IntelliJ IDEA Community Edition 2023.3.1\lib\idea_rt.jar=62399:C:\Program Files\JetBrains\IntelliJ IDEA Community Edition 2023.3.1\bin -Dfile.encoding=UTF-8 -Dsun.stdout.encoding=UTF-8 -Dsun.stderr.encoding=UTF-8 
java_command: com.tahiri.gestiondestock.GestionDeStockApplication
java_class_path (initial): C:\Users\TAHIRI\Desktop\CDA\gestion-de-stock\api\target\classes;C:\Users\TAHIRI\.m2\repository\org\springframework\boot\spring-boot-starter-data-jpa\3.2.1\spring-boot-starter-data-jpa-3.2.1.jar;C:\Users\TAHIRI\.m2\repository\org\springframework\boot\spring-boot-starter-aop\3.2.1\spring-boot-starter-aop-3.2.1.jar;C:\Users\TAHIRI\.m2\repository\org\aspectj\aspectjweaver\1.9.21\aspectjweaver-1.9.21.jar;C:\Users\TAHIRI\.m2\repository\org\springframework\boot\spring-boot-starter-jdbc\3.2.1\spring-boot-starter-jdbc-3.2.1.jar;C:\Users\TAHIRI\.m2\repository\com\zaxxer\HikariCP\5.0.1\HikariCP-5.0.1.jar;C:\Users\TAHIRI\.m2\repository\org\springframework\spring-jdbc\6.1.2\spring-jdbc-6.1.2.jar;C:\Users\TAHIRI\.m2\repository\org\hibernate\orm\hibernate-core\6.4.1.Final\hibernate-core-6.4.1.Final.jar;C:\Users\TAHIRI\.m2\repository\jakarta\persistence\jakarta.persistence-api\3.1.0\jakarta.persistence-api-3.1.0.jar;C:\Users\TAHIRI\.m2\repository\jakarta\transaction\jakarta.transaction-api\2.0.1\jakarta.transaction-api-2.0.1.jar;C:\Users\TAHIRI\.m2\repository\org\jboss\logging\jboss-logging\3.5.3.Final\jboss-logging-3.5.3.Final.jar;C:\Users\TAHIRI\.m2\repository\org\hibernate\common\hibernate-commons-annotations\6.0.6.Final\hibernate-commons-annotations-6.0.6.Final.jar;C:\Users\TAHIRI\.m2\repository\io\smallrye\jandex\3.1.2\jandex-3.1.2.jar;C:\Users\TAHIRI\.m2\repository\com\fasterxml\classmate\1.6.0\classmate-1.6.0.jar;C:\Users\TAHIRI\.m2\repository\net\bytebuddy\byte-buddy\1.14.10\byte-buddy-1.14.10.jar;C:\Users\TAHIRI\.m2\repository\org\glassfish\jaxb\jaxb-runtime\4.0.4\jaxb-runtime-4.0.4.jar;C:\Users\TAHIRI\.m2\repository\org\glassfish\jaxb\jaxb-core\4.0.4\jaxb-core-4.0.4.jar;C:\Users\TAHIRI\.m2\repository\org\glassfish\jaxb\txw2\4.0.4\txw2-4.0.4.jar;C:\Users\TAHIRI\.m2\repository\com\sun\istack\istack-commons-runtime\4.1.2\istack-commons-runtime-4.1.2.jar;C:\Users\TAHIRI\.m2\repository\jakarta\inject\jakarta.inject-api\2.0.1\jakarta.inject-api-2.0.1.jar;C:\Users\TAHIRI\.m2\repository\org\antlr\antlr4-runtime\4.13.0\antlr4-runtime-4.13.0.jar;C:\Users\TAHIRI\.m2\repository\org\springframework\data\spring-data-jpa\3.2.1\spring-data-jpa-3.2.1.jar;C:\Users\TAHIRI\.m2\repository\org\springframework\data\spring-data-commons\3.2.1\spring-data-commons-3.2.1.jar;C:\Users\TAHIRI\.m2\repository\org\springframework\spring-orm\6.1.2\spring-orm-6.1.2.jar;C:\Users\TAHIRI\.m2\repository\org\springframework\spring-context\6.1.2\spring-context-6.1.2.jar;C:\Users\TAHIRI\.m2\repository\org\springframework\spring-tx\6.1.2\spring-tx-6.1.2.jar;C:\Users\TAHIRI\.m2\repository\org\springframework\spring-beans\6.1.2\spring-beans-6.1.2.jar;C:\Users\TAHIRI\.m2\repository\jakarta\annotation\jakarta.annotation-api\2.1.1\jakarta.annotation-api-2.1.1.jar;C:\Users\TAHIRI\.m2\repository\org\slf4j\slf4j-api\2.0.9\slf4j-api-2.0.9.jar;C:\Users\TAHIRI\.m2\repository\org\springframework\spring-aspects\6.1.2\spring-aspects-6.1.2.jar;C:\Users\TAHIRI\.m2\repository\org\springframework\boot\spring-boot-starter-security\3.2.1\spring-boot-starter-security-3.2.1.jar;C:\Users\TAHIRI\.m2\repository\org\springframework\boot\spring-boot-starter\3.2.1\spring-boot-starter-3.2.1.jar;C:\Users\TAHIRI\.m2\repository\org\springframework\boot\spring-boot-starter-logging\3.2.1\spring-boot-starter-logging-3.2.1.jar;C:\Users\TAHIRI\.m2\repository\ch\qos\logback\logback-classic\1.4.14\logback-classic-1.4.14.jar;C:\Users\TAHIRI\.m2\repository\ch\qos\logback\logback-core\1.4.14\logback-core-1.4.14.jar;C:\Users\TAHIRI\.m2\repository\org\apache\logging\log4j\log4j-to-slf4j\2.21.1\log4j-to-slf4j-2.21.1.jar;C:\Users\TAHIRI\.m2\repository\org\apache\logging\log4j\log4j-api\2.21.1\log4j-api-2.21.1.jar;C:\Users\TAHIRI\.m2\repository\org\slf4j\jul-to-slf4j\2.0.9\jul-to-slf4j-2.0.9.jar;C:\Users\TAHIRI\.m2\repository\org\yaml\snakeyaml\2.2\snakeyaml-2.2.jar;C:\Users\TAHIRI\.m2\repository\org\springframework\spring-aop\6.1.2\spring-aop-6.1.2.jar;C:\Users\TAHIRI\.m2\repository\org\springframework\security\spring-security-config\6.2.1\spring-security-config-6.2.1.jar;C:\Users\TAHIRI\.m2\repository\org\springframework\security\spring-security-web\6.2.1\spring-security-web-6.2.1.jar;C:\Users\TAHIRI\.m2\repository\org\springframework\spring-expression\6.1.2\spring-expression-6.1.2.jar;C:\Users\TAHIRI\.m2\repository\org\springframework\boot\spring-boot-starter-web\3.2.1\spring-boot-starter-web-3.2.1.jar;C:\Users\TAHIRI\.m2\repository\org\springframework\boot\spring-boot-starter-json\3.2.1\spring-boot-starter-json-3.2.1.jar;C:\Users\TAHIRI\.m2\repository\com\fasterxml\jackson\core\jackson-databind\2.15.3\jackson-databind-2.15.3.jar;C:\Users\TAHIRI\.m2\repository\com\fasterxml\jackson\core\jackson-annotations\2.15.3\jackson-annotations-2.15.3.jar;C:\Users\TAHIRI\.m2\repository\com\fasterxml\jackson\core\jackson-core\2.15.3\jackson-core-2.15.3.jar;C:\Users\TAHIRI\.m2\repository\com\fasterxml\jackson\datatype\jackson-datatype-jdk8\2.15.3\jackson-datatype-jdk8-2.15.3.jar;C:\Users\TAHIRI\.m2\repository\com\fasterxml\jackson\datatype\jackson-datatype-jsr310\2.15.3\jackson-datatype-jsr310-2.15.3.jar;C:\Users\TAHIRI\.m2\repository\com\fasterxml\jackson\module\jackson-module-parameter-names\2.15.3\jackson-module-parameter-names-2.15.3.jar;C:\Users\TAHIRI\.m2\repository\org\springframework\boot\spring-boot-starter-tomcat\3.2.1\spring-boot-starter-tomcat-3.2.1.jar;C:\Users\TAHIRI\.m2\repository\org\apache\tomcat\embed\tomcat-embed-core\10.1.17\tomcat-embed-core-10.1.17.jar;C:\Users\TAHIRI\.m2\repository\org\apache\tomcat\embed\tomcat-embed-el\10.1.17\tomcat-embed-el-10.1.17.jar;C:\Users\TAHIRI\.m2\repository\org\apache\tomcat\embed\tomcat-embed-websocket\10.1.17\tomcat-embed-websocket-10.1.17.jar;C:\Users\TAHIRI\.m2\repository\org\springframework\spring-web\6.1.2\spring-web-6.1.2.jar;C:\Users\TAHIRI\.m2\repository\io\micrometer\micrometer-observation\1.12.1\micrometer-observation-1.12.1.jar;C:\Users\TAHIRI\.m2\repository\io\micrometer\micrometer-commons\1.12.1\micrometer-commons-1.12.1.jar;C:\Users\TAHIRI\.m2\repository\org\springframework\spring-webmvc\6.1.2\spring-webmvc-6.1.2.jar;C:\Users\TAHIRI\.m2\repository\com\mysql\mysql-connector-j\8.1.0\mysql-connector-j-8.1.0.jar;C:\Users\TAHIRI\.m2\repository\org\projectlombok\lombok\1.18.30\lombok-1.18.30.jar;C:\Users\TAHIRI\.m2\repository\jakarta\xml\bind\jakarta.xml.bind-api\4.0.1\jakarta.xml.bind-api-4.0.1.jar;C:\Users\TAHIRI\.m2\repository\jakarta\activation\jakarta.activation-api\2.1.2\jakarta.activation-api-2.1.2.jar;C:\Users\TAHIRI\.m2\repository\org\springframework\spring-core\6.1.2\spring-core-6.1.2.jar;C:\Users\TAHIRI\.m2\repository\org\springframework\spring-jcl\6.1.2\spring-jcl-6.1.2.jar;C:\Users\TAHIRI\.m2\repository\org\springframework\security\spring-security-core\6.2.1\spring-security-core-6.2.1.jar;C:\Users\TAHIRI\.m2\repository\org\springframework\security\spring-security-crypto\6.2.1\spring-security-crypto-6.2.1.jar;C:\Users\TAHIRI\.m2\repository\io\jsonwebtoken\jjwt\0.12.5\jjwt-0.12.5.jar;C:\Users\TAHIRI\.m2\repository\io\jsonwebtoken\jjwt-api\0.12.5\jjwt-api-0.12.5.jar;C:\Users\TAHIRI\.m2\repository\io\jsonwebtoken\jjwt-impl\0.12.5\jjwt-impl-0.12.5.jar;C:\Users\TAHIRI\.m2\repository\io\jsonwebtoken\jjwt-jackson\0.12.5\jjwt-jackson-0.12.5.jar;C:\Users\TAHIRI\.m2\repository\org\springframework\boot\spring-boot-devtools\3.2.1\spring-boot-devtools-3.2.1.jar;C:\Users\TAHIRI\.m2\repository\org\springframework\boot\spring-boot\3.2.1\spring-boot-3.2.1.jar;C:\Users\TAHIRI\.m2\repository\org\springframework\boot\spring-boot-autoconfigure\3.2.1\spring-boot-autoconfigure-3.2.1.jar;C:\Users\TAHIRI\.m2\repository\org\springdoc\springdoc-openapi-starter-webmvc-ui\2.2.0\springdoc-openapi-starter-webmvc-ui-2.2.0.jar;C:\Users\TAHIRI\.m2\repository\org\springdoc\springdoc-openapi-starter-webmvc-api\2.2.0\springdoc-openapi-starter-webmvc-api-2.2.0.jar;C:\Users\TAHIRI\.m2\repository\org\springdoc\springdoc-openapi-starter-common\2.2.0\springdoc-openapi-starter-common-2.2.0.jar;C:\Users\TAHIRI\.m2\repository\io\swagger\core\v3\swagger-core-jakarta\2.2.15\swagger-core-jakarta-2.2.15.jar;C:\Users\TAHIRI\.m2\repository\org\apache\commons\commons-lang3\3.13.0\commons-lang3-3.13.0.jar;C:\Users\TAHIRI\.m2\repository\io\swagger\core\v3\swagger-annotations-jakarta\2.2.15\swagger-annotations-jakarta-2.2.15.jar;C:\Users\TAHIRI\.m2\repository\io\swagger\core\v3\swagger-models-jakarta\2.2.15\swagger-models-jakarta-2.2.15.jar;C:\Users\TAHIRI\.m2\repository\jakarta\validation\jakarta.validation-api\3.0.2\jakarta.validation-api-3.0.2.jar;C:\Users\TAHIRI\.m2\repository\com\fasterxml\jackson\dataformat\jackson-dataformat-yaml\2.15.3\jackson-dataformat-yaml-2.15.3.jar;C:\Users\TAHIRI\.m2\repository\org\webjars\swagger-ui\5.2.0\swagger-ui-5.2.0.jar;C:\Users\TAHIRI\.m2\repository\com\google\code\gson\gson\2.10.1\gson-2.10.1.jar;C:\Users\TAHIRI\.m2\repository\org\springframework\boot\spring-boot-starter-mail\3.2.1\spring-boot-starter-mail-3.2.1.jar;C:\Users\TAHIRI\.m2\repository\org\springframework\spring-context-support\6.1.2\spring-context-support-6.1.2.jar;C:\Users\TAHIRI\.m2\repository\org\eclipse\angus\jakarta.mail\2.0.2\jakarta.mail-2.0.2.jar;C:\Users\TAHIRI\.m2\repository\org\eclipse\angus\angus-activation\2.0.1\angus-activation-2.0.1.jar
Launcher Type: SUN_STANDARD

[Global flags]
     intx CICompilerCount                          = 12                                        {product} {ergonomic}
     uint ConcGCThreads                            = 3                                         {product} {ergonomic}
     uint G1ConcRefinementThreads                  = 13                                        {product} {ergonomic}
   size_t G1HeapRegionSize                         = 2097152                                   {product} {ergonomic}
    uintx GCDrainStackTargetSize                   = 64                                        {product} {ergonomic}
   size_t InitialHeapSize                          = 257949696                                 {product} {ergonomic}
   size_t MarkStackSize                            = 4194304                                   {product} {ergonomic}
   size_t MaxHeapSize                              = 4123000832                                {product} {ergonomic}
   size_t MaxNewSize                               = 2472542208                                {product} {ergonomic}
   size_t MinHeapDeltaBytes                        = 2097152                                   {product} {ergonomic}
   size_t MinHeapSize                              = 8388608                                   {product} {ergonomic}
    uintx NonNMethodCodeHeapSize                   = 7602480                                {pd product} {ergonomic}
    uintx NonProfiledCodeHeapSize                  = 122027880                              {pd product} {ergonomic}
    uintx ProfiledCodeHeapSize                     = 122027880                              {pd product} {ergonomic}
    uintx ReservedCodeCacheSize                    = 251658240                              {pd product} {ergonomic}
     bool SegmentedCodeCache                       = true                                      {product} {ergonomic}
   size_t SoftMaxHeapSize                          = 4123000832                             {manageable} {ergonomic}
     bool UseCompressedOops                        = true                           {product lp64_product} {ergonomic}
     bool UseG1GC                                  = true                                      {product} {ergonomic}
     bool UseLargePagesIndividualAllocation        = false                                  {pd product} {ergonomic}

Logging:
Log output configuration:
 #0: stdout all=warning uptime,level,tags foldmultilines=false
 #1: stderr all=off uptime,level,tags foldmultilines=false

Environment Variables:
PATH=C:\Program Files\Zulu\zulu-21\bin\;C:\Program Files\Common Files\Oracle\Java\javapath;C:\Program Files (x86)\Common Files\Oracle\Java\javapath;C:\WINDOWS\system32;C:\WINDOWS;C:\WINDOWS\System32\Wbem;C:\WINDOWS\System32\WindowsPowerShell\v1.0\;C:\WINDOWS\System32\OpenSSH\;C:\Program Files\dotnet\;C:\Program Files\Git\cmd;C:\wamp64\bin\php\php8.1.0;C:\ProgramData\ComposerSetup\bin;C:\Users\TAHIRI\AppData\Roaming\nvm;C:\Program Files\nodejs;C:\Program Files\Docker\Docker\resources\bin;C:\Program Files\PuTTY\;C:\Program Files\SourceGear\Common\DiffMerge\;C:\Users\TAHIRI\.console-ninja\.bin;C:\Users\TAHIRI\.symfony5\tmp\cj3dqi2rfsd2591fqulg\bin;C:\wamp64\bin\php\php8.1.0;C:\Program Files (x86)\Common Files\Oracle\Java\javapath;C:\WINDOWS\system32;C:\WINDOWS;C:\WINDOWS\System32\Wbem;C:\WINDOWS\System32\WindowsPowerShell\v1.0\;C:\WINDOWS\System32\OpenSSH\;C:\Program Files\dotnet\;C:\Program Files\Git\cmd;C:\ProgramData\ComposerSetup\bin;C:\Program Files\Docker\Docker\resources\bin;C:\Users\TAHIRI\AppData\Roaming\nvm;C:\Program Files\nodejs;C:\Users\TAHIRI\scoop\shims;C:\Users\TAHIRI\AppData\Local\Microsoft\WindowsApps;C:\Users\TAHIRI\AppData\Local\Programs\Microsoft VS Code Insiders\bin;C:\Users\TAHIRI\AppData\Local\GitHubDesktop\bin;C:\ProgramData\TAHIRI\GitHubDesktop\bin;C:\Users\TAHIRI\AppData\Roaming\Composer\vendor\bin;C:\curl\bin;C:\Users\TAHIRI\AppData\Roaming\npm;C:\Program Files\heroku\bin;C:\Users\TAHIRI\.platformsh\bin;C:\Users\TAHIRI\AppData\Local\Programs\Microsoft VS Code Insiders\bin;C:\Users\TAHIRI\AppData\Local\Programs\Microsoft VS Code\bin;C:\Program Files\JetBrains\IntelliJ IDEA 2023.3.1\bin;;C:\Program Files\JetBrains\IntelliJ IDEA Community Edition 2023.3.1\bin;;C:\apache-maven-3.9.6\bin;;C:\Program Files\JetBrains\DataGrip 2023.3.4\bin;
USERNAME=TAHIRI
OS=Windows_NT
PROCESSOR_IDENTIFIER=AMD64 Family 23 Model 104 Stepping 1, AuthenticAMD
TMP=C:\Users\TAHIRI\AppData\Local\Temp
TEMP=C:\Users\TAHIRI\AppData\Local\Temp




Periodic native trim disabled

---------------  S Y S T E M  ---------------

OS:
 Windows 11 , 64 bit Build 22621 (10.0.22621.3374)
OS uptime: 5 days 18:35 hours
Hyper-V role detected

CPU: total 16 (initial active 16) (16 cores per cpu, 2 threads per core) family 23 model 104 stepping 1 microcode 0x0, cx8, cmov, fxsr, ht, mmx, 3dnowpref, sse, sse2, sse3, ssse3, sse4a, sse4.1, sse4.2, popcnt, lzcnt, tsc, tscinvbit, avx, avx2, aes, clmul, bmi1, bmi2, adx, sha, fma, vzeroupper, clflush, clflushopt, hv, rdtscp, rdpid, f16c
Processor Information for all 16 processors :
  Max Mhz: 1801, Current Mhz: 1801, Mhz Limit: 1801

Memory: 4k page, system-wide physical 15720M (473M free)
TotalPageFile size 64872M (AvailPageFile size 5M)
current process WorkingSet (physical memory assigned to process): 371M, peak: 429M
current process commit charge ("private bytes"): 443M, peak: 479M

vm_info: Java HotSpot(TM) 64-Bit Server VM (21.0.1+12-LTS-29) for windows-amd64 JRE (21.0.1+12-LTS-29), built on 2023-10-05T13:27:09Z by "mach5one" with MS VC++ 17.1 (VS2022)

END.
